Change Component Designator: OldDesignator=P16 NewDesignator=P17
Change Component Designator: OldDesignator=P17 NewDesignator=P18
Change Component Designator: OldDesignator=P18 NewDesignator=P19
Change Component Designator: OldDesignator=P19 NewDesignator=P20
Change Component Designator: OldDesignator=P20 NewDesignator=P21
Change Component Designator: OldDesignator=P21 NewDesignator=P22
Change Component Designator: OldDesignator=P22 NewDesignator=P23
Change Component Designator: OldDesignator=P23 NewDesignator=P24
Change Component Designator: OldDesignator=P24 NewDesignator=P25
Change Component Designator: OldDesignator=P25 NewDesignator=P26
Change Component Designator: OldDesignator=P26 NewDesignator=P27
Change Component Designator: OldDesignator=P27 NewDesignator=P28
Change Component Designator: OldDesignator=P28 NewDesignator=P15
Change Component Designator: OldDesignator=U*1 NewDesignator=U*2
Change Component Designator: OldDesignator=U* NewDesignator=U*1
Added Component: Designator=P3(XT30_LI)
Add component. Clean all parameters for all variants
Add component (AddParameter): Name = "LatestRevisionDate"; Value = "17-Jul-2002"; VariantName = "[No Variations]"
Add component (AddParameter): Name = "LatestRevisionNote"; Value = "Re-released for DXP Platform."; VariantName = "[No Variations]"
Add component (AddParameter): Name = "Publisher"; Value = "Altium Limited"; VariantName = "[No Variations]"
Added Component: Designator=P4(XT30_LI)
Add component. Clean all parameters for all variants
Add component (AddParameter): Name = "LatestRevisionDate"; Value = "17-Jul-2002"; VariantName = "[No Variations]"
Add component (AddParameter): Name = "LatestRevisionNote"; Value = "Re-released for DXP Platform."; VariantName = "[No Variations]"
Add component (AddParameter): Name = "Publisher"; Value = "Altium Limited"; VariantName = "[No Variations]"
Added Component: Designator=P5(XT30_LI)
Add component. Clean all parameters for all variants
Add component (AddParameter): Name = "LatestRevisionDate"; Value = "17-Jul-2002"; VariantName = "[No Variations]"
Add component (AddParameter): Name = "LatestRevisionNote"; Value = "Re-released for DXP Platform."; VariantName = "[No Variations]"
Add component (AddParameter): Name = "Publisher"; Value = "Altium Limited"; VariantName = "[No Variations]"
Added Component: Designator=P6(XT30_LI)
Add component. Clean all parameters for all variants
Add component (AddParameter): Name = "LatestRevisionDate"; Value = "17-Jul-2002"; VariantName = "[No Variations]"
Add component (AddParameter): Name = "LatestRevisionNote"; Value = "Re-released for DXP Platform."; VariantName = "[No Variations]"
Add component (AddParameter): Name = "Publisher"; Value = "Altium Limited"; VariantName = "[No Variations]"
Added Component: Designator=P7(XT30_LI)
Add component. Clean all parameters for all variants
Add component (AddParameter): Name = "LatestRevisionDate"; Value = "17-Jul-2002"; VariantName = "[No Variations]"
Add component (AddParameter): Name = "LatestRevisionNote"; Value = "Re-released for DXP Platform."; VariantName = "[No Variations]"
Add component (AddParameter): Name = "Publisher"; Value = "Altium Limited"; VariantName = "[No Variations]"
Added Component: Designator=P8(XT30_LI)
Add component. Clean all parameters for all variants
Add component (AddParameter): Name = "LatestRevisionDate"; Value = "17-Jul-2002"; VariantName = "[No Variations]"
Add component (AddParameter): Name = "LatestRevisionNote"; Value = "Re-released for DXP Platform."; VariantName = "[No Variations]"
Add component (AddParameter): Name = "Publisher"; Value = "Altium Limited"; VariantName = "[No Variations]"
Added Component: Designator=P9(XT30_LI)
Add component. Clean all parameters for all variants
Add component (AddParameter): Name = "LatestRevisionDate"; Value = "17-Jul-2002"; VariantName = "[No Variations]"
Add component (AddParameter): Name = "LatestRevisionNote"; Value = "Re-released for DXP Platform."; VariantName = "[No Variations]"
Add component (AddParameter): Name = "Publisher"; Value = "Altium Limited"; VariantName = "[No Variations]"
Added Component: Designator=P10(XT30_LI)
Add component. Clean all parameters for all variants
Add component (AddParameter): Name = "LatestRevisionDate"; Value = "17-Jul-2002"; VariantName = "[No Variations]"
Add component (AddParameter): Name = "LatestRevisionNote"; Value = "Re-released for DXP Platform."; VariantName = "[No Variations]"
Add component (AddParameter): Name = "Publisher"; Value = "Altium Limited"; VariantName = "[No Variations]"
Added Component: Designator=P11(XT30_LI)
Add component. Clean all parameters for all variants
Add component (AddParameter): Name = "LatestRevisionDate"; Value = "17-Jul-2002"; VariantName = "[No Variations]"
Add component (AddParameter): Name = "LatestRevisionNote"; Value = "Re-released for DXP Platform."; VariantName = "[No Variations]"
Add component (AddParameter): Name = "Publisher"; Value = "Altium Limited"; VariantName = "[No Variations]"
Added Component: Designator=P12(XT30_LI)
Add component. Clean all parameters for all variants
Add component (AddParameter): Name = "LatestRevisionDate"; Value = "17-Jul-2002"; VariantName = "[No Variations]"
Add component (AddParameter): Name = "LatestRevisionNote"; Value = "Re-released for DXP Platform."; VariantName = "[No Variations]"
Add component (AddParameter): Name = "Publisher"; Value = "Altium Limited"; VariantName = "[No Variations]"
Added Component: Designator=P13(XT30_LI)
Add component. Clean all parameters for all variants
Add component (AddParameter): Name = "LatestRevisionDate"; Value = "17-Jul-2002"; VariantName = "[No Variations]"
Add component (AddParameter): Name = "LatestRevisionNote"; Value = "Re-released for DXP Platform."; VariantName = "[No Variations]"
Add component (AddParameter): Name = "Publisher"; Value = "Altium Limited"; VariantName = "[No Variations]"
Added Component: Designator=P14(XT30_LI)
Add component. Clean all parameters for all variants
Add component (AddParameter): Name = "LatestRevisionDate"; Value = "17-Jul-2002"; VariantName = "[No Variations]"
Add component (AddParameter): Name = "LatestRevisionNote"; Value = "Re-released for DXP Platform."; VariantName = "[No Variations]"
Add component (AddParameter): Name = "Publisher"; Value = "Altium Limited"; VariantName = "[No Variations]"
Added Component: Designator=P16(TX60-LI-S)
Add component. Clean all parameters for all variants
Add component (AddParameter): Name = "LatestRevisionDate"; Value = "17-Jul-2002"; VariantName = "[No Variations]"
Add component (AddParameter): Name = "LatestRevisionNote"; Value = "Re-released for DXP Platform."; VariantName = "[No Variations]"
Add component (AddParameter): Name = "Publisher"; Value = "Altium Limited"; VariantName = "[No Variations]"
Added Component: Designator=P29(XT30_LI)
Add component. Clean all parameters for all variants
Add component (AddParameter): Name = "LatestRevisionDate"; Value = "17-Jul-2002"; VariantName = "[No Variations]"
Add component (AddParameter): Name = "LatestRevisionNote"; Value = "Re-released for DXP Platform."; VariantName = "[No Variations]"
Add component (AddParameter): Name = "Publisher"; Value = "Altium Limited"; VariantName = "[No Variations]"
Added Component: Designator=P30(XT30_LI)
Add component. Clean all parameters for all variants
Add component (AddParameter): Name = "LatestRevisionDate"; Value = "17-Jul-2002"; VariantName = "[No Variations]"
Add component (AddParameter): Name = "LatestRevisionNote"; Value = "Re-released for DXP Platform."; VariantName = "[No Variations]"
Add component (AddParameter): Name = "Publisher"; Value = "Altium Limited"; VariantName = "[No Variations]"
Added Component: Designator=P31(XT30_LI)
Add component. Clean all parameters for all variants
Add component (AddParameter): Name = "LatestRevisionDate"; Value = "17-Jul-2002"; VariantName = "[No Variations]"
Add component (AddParameter): Name = "LatestRevisionNote"; Value = "Re-released for DXP Platform."; VariantName = "[No Variations]"
Add component (AddParameter): Name = "Publisher"; Value = "Altium Limited"; VariantName = "[No Variations]"
Added Component: Designator=P32(XT30_LI)
Add component. Clean all parameters for all variants
Add component (AddParameter): Name = "LatestRevisionDate"; Value = "17-Jul-2002"; VariantName = "[No Variations]"
Add component (AddParameter): Name = "LatestRevisionNote"; Value = "Re-released for DXP Platform."; VariantName = "[No Variations]"
Add component (AddParameter): Name = "Publisher"; Value = "Altium Limited"; VariantName = "[No Variations]"
Added Component: Designator=P33(XT30_LI)
Add component. Clean all parameters for all variants
Add component (AddParameter): Name = "LatestRevisionDate"; Value = "17-Jul-2002"; VariantName = "[No Variations]"
Add component (AddParameter): Name = "LatestRevisionNote"; Value = "Re-released for DXP Platform."; VariantName = "[No Variations]"
Add component (AddParameter): Name = "Publisher"; Value = "Altium Limited"; VariantName = "[No Variations]"
Added Component: Designator=P34(XT30_LI)
Add component. Clean all parameters for all variants
Add component (AddParameter): Name = "LatestRevisionDate"; Value = "17-Jul-2002"; VariantName = "[No Variations]"
Add component (AddParameter): Name = "LatestRevisionNote"; Value = "Re-released for DXP Platform."; VariantName = "[No Variations]"
Add component (AddParameter): Name = "Publisher"; Value = "Altium Limited"; VariantName = "[No Variations]"
Added Component: Designator=P35(XT30_LI)
Add component. Clean all parameters for all variants
Add component (AddParameter): Name = "LatestRevisionDate"; Value = "17-Jul-2002"; VariantName = "[No Variations]"
Add component (AddParameter): Name = "LatestRevisionNote"; Value = "Re-released for DXP Platform."; VariantName = "[No Variations]"
Add component (AddParameter): Name = "Publisher"; Value = "Altium Limited"; VariantName = "[No Variations]"
Added Component: Designator=P36(XT30_LI)
Add component. Clean all parameters for all variants
Add component (AddParameter): Name = "LatestRevisionDate"; Value = "17-Jul-2002"; VariantName = "[No Variations]"
Add component (AddParameter): Name = "LatestRevisionNote"; Value = "Re-released for DXP Platform."; VariantName = "[No Variations]"
Add component (AddParameter): Name = "Publisher"; Value = "Altium Limited"; VariantName = "[No Variations]"
Added Component: Designator=P37(XT30_LI)
Add component. Clean all parameters for all variants
Add component (AddParameter): Name = "LatestRevisionDate"; Value = "17-Jul-2002"; VariantName = "[No Variations]"
Add component (AddParameter): Name = "LatestRevisionNote"; Value = "Re-released for DXP Platform."; VariantName = "[No Variations]"
Add component (AddParameter): Name = "Publisher"; Value = "Altium Limited"; VariantName = "[No Variations]"
Added Component: Designator=P38(XT30_LI)
Add component. Clean all parameters for all variants
Add component (AddParameter): Name = "LatestRevisionDate"; Value = "17-Jul-2002"; VariantName = "[No Variations]"
Add component (AddParameter): Name = "LatestRevisionNote"; Value = "Re-released for DXP Platform."; VariantName = "[No Variations]"
Add component (AddParameter): Name = "Publisher"; Value = "Altium Limited"; VariantName = "[No Variations]"
Added Pin To Net: NetName=CANH Pin=P17-2
Added Pin To Net: NetName=CANH Pin=P18-2
Added Pin To Net: NetName=CANH Pin=P19-2
Added Pin To Net: NetName=CANH Pin=P20-2
Added Pin To Net: NetName=CANH Pin=P21-2
Added Pin To Net: NetName=CANH Pin=P22-2
Added Pin To Net: NetName=CANH Pin=P23-2
Added Pin To Net: NetName=CANH Pin=P24-2
Added Pin To Net: NetName=CANH Pin=P25-2
Added Pin To Net: NetName=CANH Pin=P26-2
Added Pin To Net: NetName=CANH Pin=P27-2
Added Pin To Net: NetName=CANH Pin=P28-2
Added Net: Name=CANH
Added Pin To Net: NetName=CANL Pin=P17-1
Added Pin To Net: NetName=CANL Pin=P18-1
Added Pin To Net: NetName=CANL Pin=P19-1
Added Pin To Net: NetName=CANL Pin=P20-1
Added Pin To Net: NetName=CANL Pin=P21-1
Added Pin To Net: NetName=CANL Pin=P22-1
Added Pin To Net: NetName=CANL Pin=P23-1
Added Pin To Net: NetName=CANL Pin=P24-1
Added Pin To Net: NetName=CANL Pin=P25-1
Added Pin To Net: NetName=CANL Pin=P26-1
Added Pin To Net: NetName=CANL Pin=P27-1
Added Pin To Net: NetName=CANL Pin=P28-1
Added Net: Name=CANL
Added Pin To Net: NetName=GND Pin=C2-1
Added Pin To Net: NetName=GND Pin=C3-1
Added Pin To Net: NetName=GND Pin=C5-2
Added Pin To Net: NetName=GND Pin=C6-1
Added Pin To Net: NetName=GND Pin=C8-1
Added Pin To Net: NetName=GND Pin=C9-1
Added Pin To Net: NetName=GND Pin=C11-2
Added Pin To Net: NetName=GND Pin=C12-1
Added Pin To Net: NetName=GND Pin=D1-1
Added Pin To Net: NetName=GND Pin=D2-1
Added Pin To Net: NetName=GND Pin=P1-2
Added Pin To Net: NetName=GND Pin=P2-2
Added Pin To Net: NetName=GND Pin=P3-2
Added Pin To Net: NetName=GND Pin=P4-2
Added Pin To Net: NetName=GND Pin=P5-2
Added Pin To Net: NetName=GND Pin=P6-2
Added Pin To Net: NetName=GND Pin=P7-2
Added Pin To Net: NetName=GND Pin=P8-2
Added Pin To Net: NetName=GND Pin=P9-2
Added Pin To Net: NetName=GND Pin=P10-2
Added Pin To Net: NetName=GND Pin=P11-2
Added Pin To Net: NetName=GND Pin=P12-2
Added Pin To Net: NetName=GND Pin=P13-2
Added Pin To Net: NetName=GND Pin=P14-2
Added Pin To Net: NetName=GND Pin=P15-2
Added Pin To Net: NetName=GND Pin=P16-2
Added Pin To Net: NetName=GND Pin=P29-2
Added Pin To Net: NetName=GND Pin=P30-2
Added Pin To Net: NetName=GND Pin=P31-2
Added Pin To Net: NetName=GND Pin=P33-2
Added Pin To Net: NetName=GND Pin=P34-2
Added Pin To Net: NetName=GND Pin=P35-2
Added Pin To Net: NetName=GND Pin=P36-2
Added Pin To Net: NetName=GND Pin=P37-2
Added Pin To Net: NetName=GND Pin=P38-2
Added Pin To Net: NetName=GND Pin=R1-2
Added Pin To Net: NetName=GND Pin=R3-2
Added Pin To Net: NetName=GND Pin=R4-1
Added Pin To Net: NetName=GND Pin=R6-1
Added Pin To Net: NetName=GND Pin=R7-2
Added Pin To Net: NetName=GND Pin=R9-2
Added Pin To Net: NetName=GND Pin=R10-1
Added Pin To Net: NetName=GND Pin=R12-1
Added Pin To Net: NetName=GND Pin=U*1-5
Added Pin To Net: NetName=GND Pin=U*2-5
Added Net: Name=GND
Added Pin To Net: NetName=NetC1_1 Pin=C1-1
Added Pin To Net: NetName=NetC1_1 Pin=R4-2
Added Net: Name=NetC1_1
Added Pin To Net: NetName=NetC1_2 Pin=C1-2
Added Pin To Net: NetName=NetC1_2 Pin=U*1-3
Added Net: Name=NetC1_2
Added Pin To Net: NetName=NetC3_2 Pin=C3-2
Added Pin To Net: NetName=NetC3_2 Pin=R5-2
Added Pin To Net: NetName=NetC3_2 Pin=R6-2
Added Pin To Net: NetName=NetC3_2 Pin=U*1-2
Added Net: Name=NetC3_2
Added Pin To Net: NetName=NetC4_1 Pin=C4-1
Added Pin To Net: NetName=NetC4_1 Pin=D1-2
Added Pin To Net: NetName=NetC4_1 Pin=L1-1
Added Pin To Net: NetName=NetC4_1 Pin=U*1-1
Added Net: Name=NetC4_1
Added Pin To Net: NetName=NetC4_2 Pin=C4-2
Added Pin To Net: NetName=NetC4_2 Pin=U*1-8
Added Net: Name=NetC4_2
Added Pin To Net: NetName=NetC7_1 Pin=C7-1
Added Pin To Net: NetName=NetC7_1 Pin=R10-2
Added Net: Name=NetC7_1
Added Pin To Net: NetName=NetC7_2 Pin=C7-2
Added Pin To Net: NetName=NetC7_2 Pin=U*2-3
Added Net: Name=NetC7_2
Added Pin To Net: NetName=NetC9_2 Pin=C9-2
Added Pin To Net: NetName=NetC9_2 Pin=R11-2
Added Pin To Net: NetName=NetC9_2 Pin=R12-2
Added Pin To Net: NetName=NetC9_2 Pin=U*2-2
Added Net: Name=NetC9_2
Added Pin To Net: NetName=NetC10_1 Pin=C10-1
Added Pin To Net: NetName=NetC10_1 Pin=D2-2
Added Pin To Net: NetName=NetC10_1 Pin=L2-1
Added Pin To Net: NetName=NetC10_1 Pin=U*2-1
Added Net: Name=NetC10_1
Added Pin To Net: NetName=NetC10_2 Pin=C10-2
Added Pin To Net: NetName=NetC10_2 Pin=U*2-8
Added Net: Name=NetC10_2
Added Pin To Net: NetName=NetR1_1 Pin=R1-1
Added Pin To Net: NetName=NetR1_1 Pin=R2-2
Added Pin To Net: NetName=NetR1_1 Pin=U*1-4
Added Net: Name=NetR1_1
Added Pin To Net: NetName=NetR3_1 Pin=R3-1
Added Pin To Net: NetName=NetR3_1 Pin=U*1-6
Added Net: Name=NetR3_1
Added Pin To Net: NetName=NetR7_1 Pin=R7-1
Added Pin To Net: NetName=NetR7_1 Pin=R8-2
Added Pin To Net: NetName=NetR7_1 Pin=U*2-4
Added Net: Name=NetR7_1
Added Pin To Net: NetName=NetR9_1 Pin=R9-1
Added Pin To Net: NetName=NetR9_1 Pin=U*2-6
Added Net: Name=NetR9_1
Added Pin To Net: NetName=VCC5 Pin=C5-1
Added Pin To Net: NetName=VCC5 Pin=C6-2
Added Pin To Net: NetName=VCC5 Pin=L1-2
Added Pin To Net: NetName=VCC5 Pin=P33-1
Added Pin To Net: NetName=VCC5 Pin=P34-1
Added Pin To Net: NetName=VCC5 Pin=P35-1
Added Pin To Net: NetName=VCC5 Pin=R2-1
Added Net: Name=VCC5
Added Pin To Net: NetName=VCC12 Pin=C11-1
Added Pin To Net: NetName=VCC12 Pin=C12-2
Added Pin To Net: NetName=VCC12 Pin=L2-2
Added Pin To Net: NetName=VCC12 Pin=P36-1
Added Pin To Net: NetName=VCC12 Pin=P37-1
Added Pin To Net: NetName=VCC12 Pin=P38-1
Added Pin To Net: NetName=VCC12 Pin=R8-1
Added Net: Name=VCC12
Added Pin To Net: NetName=VCC24C Pin=C2-2
Added Pin To Net: NetName=VCC24C Pin=C8-2
Added Pin To Net: NetName=VCC24C Pin=P15-1
Added Pin To Net: NetName=VCC24C Pin=P16-1
Added Pin To Net: NetName=VCC24C Pin=P29-1
Added Pin To Net: NetName=VCC24C Pin=P30-1
Added Pin To Net: NetName=VCC24C Pin=P31-1
Added Pin To Net: NetName=VCC24C Pin=R5-1
Added Pin To Net: NetName=VCC24C Pin=R11-1
Added Pin To Net: NetName=VCC24C Pin=U*1-7
Added Pin To Net: NetName=VCC24C Pin=U*2-7
Added Net: Name=VCC24C
Added Pin To Net: NetName=VCC24Q1 Pin=P1-1
Added Pin To Net: NetName=VCC24Q1 Pin=P3-1
Added Pin To Net: NetName=VCC24Q1 Pin=P4-1
Added Pin To Net: NetName=VCC24Q1 Pin=P5-1
Added Pin To Net: NetName=VCC24Q1 Pin=P6-1
Added Pin To Net: NetName=VCC24Q1 Pin=P7-1
Added Pin To Net: NetName=VCC24Q1 Pin=P8-1
Added Net: Name=VCC24Q1
Added Pin To Net: NetName=VCC24Q2 Pin=P2-1
Added Pin To Net: NetName=VCC24Q2 Pin=P9-1
Added Pin To Net: NetName=VCC24Q2 Pin=P10-1
Added Pin To Net: NetName=VCC24Q2 Pin=P11-1
Added Pin To Net: NetName=VCC24Q2 Pin=P12-1
Added Pin To Net: NetName=VCC24Q2 Pin=P13-1
Added Pin To Net: NetName=VCC24Q2 Pin=P14-1
Added Net: Name=VCC24Q2
Added Member To Class: ClassName=Sheet1 Member=Component P3 Header 2
Added Member To Class: ClassName=Sheet1 Member=Component P4 Header 2
Added Member To Class: ClassName=Sheet1 Member=Component P5 Header 2
Added Member To Class: ClassName=Sheet1 Member=Component P6 Header 2
Added Member To Class: ClassName=Sheet1 Member=Component P7 Header 2
Added Member To Class: ClassName=Sheet1 Member=Component P8 Header 2
Added Member To Class: ClassName=Sheet1 Member=Component P9 Header 2
Added Member To Class: ClassName=Sheet1 Member=Component P10 Header 2
Added Member To Class: ClassName=Sheet1 Member=Component P11 Header 2
Added Member To Class: ClassName=Sheet1 Member=Component P12 Header 2
Added Member To Class: ClassName=Sheet1 Member=Component P13 Header 2
Added Member To Class: ClassName=Sheet1 Member=Component P14 Header 2
Added Member To Class: ClassName=Sheet1 Member=Component P15 Header 2
Added Member To Class: ClassName=Sheet1 Member=Component P28 Header 2
Added Member To Class: ClassName=Sheet1 Member=Component P29 Header 2
Added Member To Class: ClassName=Sheet1 Member=Component P30 Header 2
Added Member To Class: ClassName=Sheet1 Member=Component P31 Header 2
Added Member To Class: ClassName=Sheet1 Member=Component P32 Header 2
Added Member To Class: ClassName=Sheet1 Member=Component P33 Header 2
Added Member To Class: ClassName=Sheet1 Member=Component P34 Header 2
Added Member To Class: ClassName=Sheet1 Member=Component P35 Header 2
Added Member To Class: ClassName=Sheet1 Member=Component P36 Header 2
Added Member To Class: ClassName=Sheet1 Member=Component P37 Header 2
Added Member To Class: ClassName=Sheet1 Member=Component P38 Header 2
