Added Pin To Net: NetName=NetC1_1 Pin=C1-1
Added Pin To Net: NetName=NetC1_2 Pin=C1-2
Added Pin To Net: NetName=GND Pin=C2-1
Added Pin To Net: NetName=VCC24 Pin=C2-2
Added Pin To Net: NetName=GND Pin=C3-1
Added Pin To Net: NetName=NetC3_2 Pin=C3-2
Added Pin To Net: NetName=NetC4_1 Pin=C4-1
Added Pin To Net: NetName=NetC4_2 Pin=C4-2
Added Pin To Net: NetName=VCC5 Pin=C5-1
Added Pin To Net: NetName=GND Pin=C5-2
Added Pin To Net: NetName=GND Pin=C6-1
Added Pin To Net: NetName=VCC5 Pin=C6-2
Added Pin To Net: NetName=NetC7_1 Pin=C7-1
Added Pin To Net: NetName=NetC7_2 Pin=C7-2
Added Pin To Net: NetName=GND Pin=C8-1
Added Pin To Net: NetName=VCC24 Pin=C8-2
Added Pin To Net: NetName=GND Pin=C9-1
Added Pin To Net: NetName=NetC9_2 Pin=C9-2
Added Pin To Net: NetName=NetC10_1 Pin=C10-1
Added Pin To Net: NetName=NetC10_2 Pin=C10-2
Added Pin To Net: NetName=VCC12 Pin=C11-1
Added Pin To Net: NetName=GND Pin=C11-2
Added Pin To Net: NetName=GND Pin=C12-1
Added Pin To Net: NetName=VCC12 Pin=C12-2
Added Pin To Net: NetName=GND Pin=D1-1
Added Pin To Net: NetName=NetC4_1 Pin=D1-2
Added Pin To Net: NetName=GND Pin=D2-1
Added Pin To Net: NetName=NetC10_1 Pin=D2-2
Added Pin To Net: NetName=NetC4_1 Pin=L1-1
Added Pin To Net: NetName=VCC5 Pin=L1-2
Added Pin To Net: NetName=NetC10_1 Pin=L2-1
Added Pin To Net: NetName=VCC12 Pin=L2-2
Added Pin To Net: NetName=VCC24 Pin=P1-1
Added Pin To Net: NetName=GND Pin=P1-2
Added Pin To Net: NetName=VCC24 Pin=P2-1
Added Pin To Net: NetName=GND Pin=P2-2
Added Pin To Net: NetName=VCC24 Pin=P3-1
Added Pin To Net: NetName=GND Pin=P3-2
Added Pin To Net: NetName=VCC24 Pin=P4-1
Added Pin To Net: NetName=GND Pin=P4-2
Added Pin To Net: NetName=VCC24 Pin=P5-1
Added Pin To Net: NetName=GND Pin=P5-2
Added Pin To Net: NetName=VCC24 Pin=P6-1
Added Pin To Net: NetName=GND Pin=P6-2
Added Pin To Net: NetName=VCC24 Pin=P7-1
Added Pin To Net: NetName=GND Pin=P7-2
Added Pin To Net: NetName=VCC24 Pin=P8-1
Added Pin To Net: NetName=GND Pin=P8-2
Added Pin To Net: NetName=VCC24 Pin=P9-1
Added Pin To Net: NetName=GND Pin=P9-2
Added Pin To Net: NetName=VCC24 Pin=P10-1
Added Pin To Net: NetName=GND Pin=P10-2
Added Pin To Net: NetName=VCC24 Pin=P11-1
Added Pin To Net: NetName=GND Pin=P11-2
Added Pin To Net: NetName=VCC24 Pin=P12-1
Added Pin To Net: NetName=GND Pin=P12-2
Added Pin To Net: NetName=VCC24 Pin=P13-1
Added Pin To Net: NetName=GND Pin=P13-2
Added Pin To Net: NetName=VCC24 Pin=P14-1
Added Pin To Net: NetName=GND Pin=P14-2
Added Pin To Net: NetName=VCC24 Pin=P15-1
Added Pin To Net: NetName=GND Pin=P15-2
Added Pin To Net: NetName=CANL Pin=P16-1
Added Pin To Net: NetName=CANH Pin=P16-2
Added Pin To Net: NetName=CANL Pin=P17-1
Added Pin To Net: NetName=CANH Pin=P17-2
Added Pin To Net: NetName=CANL Pin=P18-1
Added Pin To Net: NetName=CANH Pin=P18-2
Added Pin To Net: NetName=CANL Pin=P19-1
Added Pin To Net: NetName=CANH Pin=P19-2
Added Pin To Net: NetName=CANL Pin=P20-1
Added Pin To Net: NetName=CANH Pin=P20-2
Added Pin To Net: NetName=CANL Pin=P21-1
Added Pin To Net: NetName=CANH Pin=P21-2
Added Pin To Net: NetName=CANL Pin=P22-1
Added Pin To Net: NetName=CANH Pin=P22-2
Added Pin To Net: NetName=CANL Pin=P23-1
Added Pin To Net: NetName=CANH Pin=P23-2
Added Pin To Net: NetName=CANL Pin=P24-1
Added Pin To Net: NetName=CANH Pin=P24-2
Added Pin To Net: NetName=CANL Pin=P25-1
Added Pin To Net: NetName=CANH Pin=P25-2
Added Pin To Net: NetName=CANL Pin=P26-1
Added Pin To Net: NetName=CANH Pin=P26-2
Added Pin To Net: NetName=CANL Pin=P27-1
Added Pin To Net: NetName=CANH Pin=P27-2
Added Pin To Net: NetName=NetR1_1 Pin=R1-1
Added Pin To Net: NetName=GND Pin=R1-2
Added Pin To Net: NetName=VCC5 Pin=R2-1
Added Pin To Net: NetName=NetR1_1 Pin=R2-2
Added Pin To Net: NetName=NetR3_1 Pin=R3-1
Added Pin To Net: NetName=GND Pin=R3-2
Added Pin To Net: NetName=GND Pin=R4-1
Added Pin To Net: NetName=NetC1_1 Pin=R4-2
Added Pin To Net: NetName=VCC24 Pin=R5-1
Added Pin To Net: NetName=NetC3_2 Pin=R5-2
Added Pin To Net: NetName=GND Pin=R6-1
Added Pin To Net: NetName=NetC3_2 Pin=R6-2
Added Pin To Net: NetName=NetR7_1 Pin=R7-1
Added Pin To Net: NetName=GND Pin=R7-2
Added Pin To Net: NetName=VCC12 Pin=R8-1
Added Pin To Net: NetName=NetR7_1 Pin=R8-2
Added Pin To Net: NetName=NetR9_1 Pin=R9-1
Added Pin To Net: NetName=GND Pin=R9-2
Added Pin To Net: NetName=GND Pin=R10-1
Added Pin To Net: NetName=NetC7_1 Pin=R10-2
Added Pin To Net: NetName=VCC24 Pin=R11-1
Added Pin To Net: NetName=NetC9_2 Pin=R11-2
Added Pin To Net: NetName=GND Pin=R12-1
Added Pin To Net: NetName=NetC9_2 Pin=R12-2
Added Pin To Net: NetName=NetC10_1 Pin=U*1-1
Added Pin To Net: NetName=NetC9_2 Pin=U*1-2
Added Pin To Net: NetName=NetC7_2 Pin=U*1-3
Added Pin To Net: NetName=NetR7_1 Pin=U*1-4
Added Pin To Net: NetName=GND Pin=U*1-5
Added Pin To Net: NetName=NetR9_1 Pin=U*1-6
Added Pin To Net: NetName=VCC24 Pin=U*1-7
Added Pin To Net: NetName=NetC10_2 Pin=U*1-8
Added Pin To Net: NetName=NetC4_1 Pin=U*-1
Added Pin To Net: NetName=NetC3_2 Pin=U*-2
Added Pin To Net: NetName=NetC1_2 Pin=U*-3
Added Pin To Net: NetName=NetR1_1 Pin=U*-4
Added Pin To Net: NetName=GND Pin=U*-5
Added Pin To Net: NetName=NetR3_1 Pin=U*-6
Added Pin To Net: NetName=VCC24 Pin=U*-7
Added Pin To Net: NetName=NetC4_2 Pin=U*-8
