Added Component: Designator=P32(GH1.25_2P)
Add component. Clean all parameters for all variants
Add component (AddParameter): Name = "LatestRevisionDate"; Value = "17-Jul-2002"; VariantName = "[No Variations]"
Add component (AddParameter): Name = "LatestRevisionNote"; Value = "Re-released for DXP Platform."; VariantName = "[No Variations]"
Add component (AddParameter): Name = "Publisher"; Value = "Altium Limited"; VariantName = "[No Variations]"
Added Pin To Net: NetName=CANH_2 Pin=P17-2
Added Pin To Net: NetName=CANH_2 Pin=P18-2
Added Pin To Net: NetName=CANH_2 Pin=P19-2
Added Pin To Net: NetName=CANH_2 Pin=P20-2
Added Pin To Net: NetName=CANH_2 Pin=P21-2
Added Pin To Net: NetName=CANH_2 Pin=P22-2
Added Pin To Net: NetName=CANL_1 Pin=P23-1
Added Pin To Net: NetName=CANL_1 Pin=P24-1
Added Pin To Net: NetName=CANL_1 Pin=P25-1
Added Pin To Net: NetName=CANL_1 Pin=P26-1
Added Pin To Net: NetName=CANL_1 Pin=P27-1
Added Pin To Net: NetName=CANL_1 Pin=P28-1
Added Pin To Net: NetName=CANL_1 Pin=P32-1
Added Pin To Net: NetName=CANH_2 Pin=P32-2
Change Net Name : Old Net Name=CANH_2 New Net Name=CANH
Change Net Name : Old Net Name=CANL_1 New Net Name=CANL
Added Member To Class: ClassName=Sheet1 Member=Component P32 Header 2
